<?xml version="1.0" encoding="UTF-8" ?>
<testsuite tests="44" failures="2" name="org.apache.commons.lang3.reflect.FieldUtilsTest" time="0.036" errors="0" skipped="0">
  <properties>
    <property name="java.runtime.name" value="Java(TM) SE Runtime Environment"/>
    <property name="java.vm.version" value="21.0.9+7-LTS-338"/>
    <property name="sun.boot.library.path" value="C:\Program Files\Java\jdk-21\bin"/>
    <property name="maven.multiModuleProjectDirectory" value="C:\Users\black\Documents\FinalProject\codebase\codebase"/>
    <property name="java.vm.vendor" value="Oracle Corporation"/>
    <property name="java.vendor.url" value="https://java.oracle.com/"/>
    <property name="guice.disable.misplaced.annotation.check" value="true"/>
    <property name="path.separator" value=";"/>
    <property name="java.vm.name" value="Java HotSpot(TM) 64-Bit Server VM"/>
    <property name="sun.os.patch.level" value=""/>
    <property name="user.script" value=""/>
    <property name="user.country" value="US"/>
    <property name="sun.java.launcher" value="SUN_STANDARD"/>
    <property name="java.vm.specification.name" value="Java Virtual Machine Specification"/>
    <property name="user.dir" value="C:\Users\black\Documents\FinalProject\codebase\codebase"/>
    <property name="java.vm.compressedOopsMode" value="Zero based"/>
    <property name="java.runtime.version" value="21.0.9+7-LTS-338"/>
    <property name="os.arch" value="amd64"/>
    <property name="java.io.tmpdir" value="C:\Users\black\AppData\Local\Temp\"/>
    <property name="line.separator" value="
"/>
    <property name="java.vm.specification.vendor" value="Oracle Corporation"/>
    <property name="user.variant" value=""/>
    <property name="stderr.encoding" value="cp437"/>
    <property name="os.name" value="Windows 11"/>
    <property name="classworlds.conf" value="C:\Users\black\Downloads\apache-maven-3.9.11-bin\apache-maven-3.9.11\bin\m2.conf"/>
    <property name="sun.jnu.encoding" value="Cp1252"/>
    <property name="stdout.encoding" value="cp437"/>
    <property name="java.library.path" value="C:\Program Files\Java\jdk-21\bin;C:\windows\Sun\Java\bin;C:\windows\system32;C:\windows;c:\Users\black\AppData\Roaming\Code\User\globalStorage\github.copilot-chat\debugCommand;c:\Users\black\AppData\Roaming\Code\User\globalStorage\github.copilot-chat\copilotCli;C:\Program Files\Common Files\Oracle\Java\javapath;C:\windows\system32;C:\windows;C:\windows\System32\Wbem;C:\windows\System32\WindowsPowerShell\v1.0\;C:\windows\System32\OpenSSH\;C:\Program Files\HP\HP One Agent;C:\Program Files\dotnet\;C:\Program Files\Git\cmd;C:\Program Files\nodejs\;C:\Users\black\.local\bin;C:\Users\black\AppData\Local\Microsoft\WindowsApps;C:\Users\black\.dotnet\tools;C:\Program Files\JetBrains\IntelliJ IDEA Community Edition 2025.2.1\bin;C:\Users\black\AppData\Local\Programs\Microsoft VS Code\bin;C:\Users\black\Downloads\apache-maven-3.9.11-bin\apache-maven-3.9.11\bin;C:\Users\black\AppData\Roaming\npm;c:\Users\black\.vscode\extensions\vscjava.vscode-java-debug-0.58.3\bundled\scripts\noConfigScripts;."/>
    <property name="maven.conf" value="C:\Users\black\Downloads\apache-maven-3.9.11-bin\apache-maven-3.9.11/conf"/>
    <property name="jdk.debug" value="release"/>
    <property name="java.class.version" value="65.0"/>
    <property name="java.specification.name" value="Java Platform API Specification"/>
    <property name="sun.management.compiler" value="HotSpot 64-Bit Tiered Compilers"/>
    <property name="os.version" value="10.0"/>
    <property name="library.jansi.path" value="C:\Users\black\Downloads\apache-maven-3.9.11-bin\apache-maven-3.9.11\lib\jansi-native"/>
    <property name="user.home" value="C:\Users\black"/>
    <property name="user.timezone" value="America/Chicago"/>
    <property name="file.encoding" value="UTF-8"/>
    <property name="java.specification.version" value="21"/>
    <property name="user.name" value="black"/>
    <property name="java.class.path" value="C:\Users\black\Downloads\apache-maven-3.9.11-bin\apache-maven-3.9.11\boot\plexus-classworlds-2.9.0.jar"/>
    <property name="org.slf4j.simpleLogger.defaultLogLevel" value="error"/>
    <property name="java.vm.specification.version" value="21"/>
    <property name="sun.arch.data.model" value="64"/>
    <property name="sun.java.command" value="org.codehaus.plexus.classworlds.launcher.Launcher -q test jacoco:report"/>
    <property name="java.home" value="C:\Program Files\Java\jdk-21"/>
    <property name="user.language" value="en"/>
    <property name="java.specification.vendor" value="Oracle Corporation"/>
    <property name="java.vm.info" value="mixed mode, sharing"/>
    <property name="java.version" value="21.0.9"/>
    <property name="native.encoding" value="Cp1252"/>
    <property name="java.vendor" value="Oracle Corporation"/>
    <property name="maven.home" value="C:\Users\black\Downloads\apache-maven-3.9.11-bin\apache-maven-3.9.11"/>
    <property name="file.separator" value="\"/>
    <property name="java.version.date" value="2025-10-21"/>
    <property name="java.vendor.url.bug" value="https://bugreport.java.com/bugreport/"/>
    <property name="sun.io.unicode.encoding" value="UnicodeLittle"/>
    <property name="sun.cpu.endian" value="little"/>
    <property name="sun.cpu.isalist" value="amd64"/>
  </properties>
  <testcase classname="org.apache.commons.lang3.reflect.FieldUtilsTest" name="testReadStaticFieldForceAccess" time="0.004"/>
  <testcase classname="org.apache.commons.lang3.reflect.FieldUtilsTest" name="testGetAllFieldsList" time="0.002">
    <failure message="expected:&lt;5&gt; but was:&lt;7&gt;" type="java.lang.AssertionError">java.lang.AssertionError: expected:&lt;5&gt; but was:&lt;7&gt;
	at org.junit.Assert.fail(Assert.java:88)
	at org.junit.Assert.failNotEquals(Assert.java:743)
	at org.junit.Assert.assertEquals(Assert.java:118)
	at org.junit.Assert.assertEquals(Assert.java:555)
	at org.junit.Assert.assertEquals(Assert.java:542)
	at org.apache.commons.lang3.reflect.FieldUtilsTest.testGetAllFieldsList(FieldUtilsTest.java:167)
</failure>
  </testcase>
  <testcase classname="org.apache.commons.lang3.reflect.FieldUtilsTest" name="testReadDeclaredNamedField" time="0.002"/>
  <testcase classname="org.apache.commons.lang3.reflect.FieldUtilsTest" name="testReadNamedStaticField" time="0"/>
  <testcase classname="org.apache.commons.lang3.reflect.FieldUtilsTest" name="testReadDeclaredNamedStaticFieldForceAccess" time="0.002"/>
  <testcase classname="org.apache.commons.lang3.reflect.FieldUtilsTest" name="testReadDeclaredNamedFieldForceAccess" time="0"/>
  <testcase classname="org.apache.commons.lang3.reflect.FieldUtilsTest" name="testGetField" time="0"/>
  <testcase classname="org.apache.commons.lang3.reflect.FieldUtilsTest" name="testGetFieldIllegalArgumentException1" time="0"/>
  <testcase classname="org.apache.commons.lang3.reflect.FieldUtilsTest" name="testGetFieldIllegalArgumentException2" time="0"/>
  <testcase classname="org.apache.commons.lang3.reflect.FieldUtilsTest" name="testReadDeclaredNamedStaticField" time="0"/>
  <testcase classname="org.apache.commons.lang3.reflect.FieldUtilsTest" name="testWriteField" time="0.002"/>
  <testcase classname="org.apache.commons.lang3.reflect.FieldUtilsTest" name="testWriteNamedStaticFieldForceAccess" time="0.004"/>
  <testcase classname="org.apache.commons.lang3.reflect.FieldUtilsTest" name="testGetDeclaredFieldForceAccessIllegalArgumentException1" time="0"/>
  <testcase classname="org.apache.commons.lang3.reflect.FieldUtilsTest" name="testGetDeclaredFieldForceAccessIllegalArgumentException2" time="0"/>
  <testcase classname="org.apache.commons.lang3.reflect.FieldUtilsTest" name="testWriteFieldForceAccess" time="0.002"/>
  <testcase classname="org.apache.commons.lang3.reflect.FieldUtilsTest" name="testAmbig" time="0.002"/>
  <testcase classname="org.apache.commons.lang3.reflect.FieldUtilsTest" name="testReadStaticFieldForceAccessIllegalArgumentException1" time="0"/>
  <testcase classname="org.apache.commons.lang3.reflect.FieldUtilsTest" name="testReadStaticFieldForceAccessIllegalArgumentException2" time="0.012"/>
  <testcase classname="org.apache.commons.lang3.reflect.FieldUtilsTest" name="testWriteNamedField" time="0.001"/>
  <testcase classname="org.apache.commons.lang3.reflect.FieldUtilsTest" name="testWriteDeclaredNamedFieldForceAccess" time="0"/>
  <testcase classname="org.apache.commons.lang3.reflect.FieldUtilsTest" name="testWriteDeclaredNamedStaticField" time="0"/>
  <testcase classname="org.apache.commons.lang3.reflect.FieldUtilsTest" name="testReadNamedField" time="0"/>
  <testcase classname="org.apache.commons.lang3.reflect.FieldUtilsTest" name="testReadStaticFieldIllegalArgumentException1" time="0"/>
  <testcase classname="org.apache.commons.lang3.reflect.FieldUtilsTest" name="testReadStaticFieldIllegalArgumentException2" time="0"/>
  <testcase classname="org.apache.commons.lang3.reflect.FieldUtilsTest" name="testGetFieldForceAccess" time="0"/>
  <testcase classname="org.apache.commons.lang3.reflect.FieldUtilsTest" name="testReadField" time="0"/>
  <testcase classname="org.apache.commons.lang3.reflect.FieldUtilsTest" name="testWriteNamedStaticField" time="0"/>
  <testcase classname="org.apache.commons.lang3.reflect.FieldUtilsTest" name="testWriteStaticFieldForceAccess" time="0"/>
  <testcase classname="org.apache.commons.lang3.reflect.FieldUtilsTest" name="testWriteStaticField" time="0"/>
  <testcase classname="org.apache.commons.lang3.reflect.FieldUtilsTest" name="testGetFieldForceAccessIllegalArgumentException1" time="0"/>
  <testcase classname="org.apache.commons.lang3.reflect.FieldUtilsTest" name="testGetFieldForceAccessIllegalArgumentException2" time="0"/>
  <testcase classname="org.apache.commons.lang3.reflect.FieldUtilsTest" name="testWriteNamedFieldForceAccess" time="0"/>
  <testcase classname="org.apache.commons.lang3.reflect.FieldUtilsTest" name="testReadNamedStaticFieldForceAccess" time="0"/>
  <testcase classname="org.apache.commons.lang3.reflect.FieldUtilsTest" name="testGetAllFields" time="0.002">
    <failure message="expected:&lt;5&gt; but was:&lt;7&gt;" type="java.lang.AssertionError">java.lang.AssertionError: expected:&lt;5&gt; but was:&lt;7&gt;
	at org.junit.Assert.fail(Assert.java:88)
	at org.junit.Assert.failNotEquals(Assert.java:743)
	at org.junit.Assert.assertEquals(Assert.java:118)
	at org.junit.Assert.assertEquals(Assert.java:555)
	at org.junit.Assert.assertEquals(Assert.java:542)
	at org.apache.commons.lang3.reflect.FieldUtilsTest.testGetAllFields(FieldUtilsTest.java:147)
</failure>
  </testcase>
  <testcase classname="org.apache.commons.lang3.reflect.FieldUtilsTest" name="testReadStaticField" time="0"/>
  <testcase classname="org.apache.commons.lang3.reflect.FieldUtilsTest" name="testGetDeclaredFieldAccessIllegalArgumentException1" time="0"/>
  <testcase classname="org.apache.commons.lang3.reflect.FieldUtilsTest" name="testGetDeclaredFieldAccessIllegalArgumentException2" time="0"/>
  <testcase classname="org.apache.commons.lang3.reflect.FieldUtilsTest" name="testWriteDeclaredNamedStaticFieldForceAccess" time="0"/>
  <testcase classname="org.apache.commons.lang3.reflect.FieldUtilsTest" name="testWriteDeclaredNamedField" time="0.001"/>
  <testcase classname="org.apache.commons.lang3.reflect.FieldUtilsTest" name="testGetDeclaredField" time="0"/>
  <testcase classname="org.apache.commons.lang3.reflect.FieldUtilsTest" name="testGetDeclaredFieldForceAccess" time="0"/>
  <testcase classname="org.apache.commons.lang3.reflect.FieldUtilsTest" name="testReadFieldForceAccess" time="0"/>
  <testcase classname="org.apache.commons.lang3.reflect.FieldUtilsTest" name="testReadNamedFieldForceAccess" time="0"/>
  <testcase classname="org.apache.commons.lang3.reflect.FieldUtilsTest" name="testConstructor" time="0"/>
</testsuite>