<?xml version="1.0" encoding="UTF-8" ?>
<testsuite tests="38" failures="0" name="org.apache.commons.lang3.time.DateUtilsTest" time="0.031" errors="2" skipped="0">
  <properties>
[...]
</properties>
  <testcase classname="org.apache.commons.lang3.time.DateUtilsTest" name="testParseDateWithLeniency" time="0.002"/>
  <testcase classname="org.apache.commons.lang3.time.DateUtilsTest" name="testAddMinutes" time="0"/>
  <testcase classname="org.apache.commons.lang3.time.DateUtilsTest" name="testMonthIterator" time="0.003"/>
  <testcase classname="org.apache.commons.lang3.time.DateUtilsTest" name="testRoundLang346" time="0"/>
  <testcase classname="org.apache.commons.lang3.time.DateUtilsTest" name="testLANG799_DE_OK" time="0">
    <error message="Unable to parse the date: Mi, 09 Apr 2008 23:55:38 GMT" type="java.text.ParseException">java.text.ParseException: Unable to parse the date: Mi, 09 Apr 2008 23:55:38 GMT
	at org.apache.commons.lang3.time.DateUtils.parseDateWithLeniency(DateUtils.java:390)
	at org.apache.commons.lang3.time.DateUtils.parseDate(DateUtils.java:290)
	at org.apache.commons.lang3.time.DateUtils.parseDate(DateUtils.java:267)
	at org.apache.commons.lang3.time.DateUtilsTest.testLANG799_DE_OK(DateUtilsTest.java:1598)
</error>
  </testcase>
  <testcase classname="org.apache.commons.lang3.time.DateUtilsTest" name="testLANG799_EN_OK" time="0"/>
  <testcase classname="org.apache.commons.lang3.time.DateUtilsTest" name="testSetMilliseconds" time="0"/>
  <testcase classname="org.apache.commons.lang3.time.DateUtilsTest" name="testTruncate" time="0.008"/>
  <testcase classname="org.apache.commons.lang3.time.DateUtilsTest" name="testIsSameLocalTime_Cal" time="0"/>
  <testcase classname="org.apache.commons.lang3.time.DateUtilsTest" name="testAddDays" time="0"/>
  <testcase classname="org.apache.commons.lang3.time.DateUtilsTest" name="testLANG799_EN_WITH_DE_LOCALE" time="0.002">
    <error message="Unable to parse the date: Mi, 09 Apr 2008 23:55:38 GMT" type="java.text.ParseException">java.text.ParseException: Unable to parse the date: Mi, 09 Apr 2008 23:55:38 GMT
	at org.apache.commons.lang3.time.DateUtils.parseDateWithLeniency(DateUtils.java:390)
	at org.apache.commons.lang3.time.DateUtils.parseDate(DateUtils.java:290)
	at org.apache.commons.lang3.time.DateUtilsTest.testLANG799_EN_WITH_DE_LOCALE(DateUtilsTest.java:1623)
</error>
  </testcase>
  <testcase classname="org.apache.commons.lang3.time.DateUtilsTest" name="testRound" time="0.006"/>
  <testcase classname="org.apache.commons.lang3.time.DateUtilsTest" name="testParseDate" time="0"/>
  <testcase classname="org.apache.commons.lang3.time.DateUtilsTest" name="testCeil" time="0.002"/>
  <testcase classname="org.apache.commons.lang3.time.DateUtilsTest" name="testAddSeconds" time="0"/>
  <testcase classname="org.apache.commons.lang3.time.DateUtilsTest" name="testLANG799_EN_FAIL" time="0"/>
  <testcase classname="org.apache.commons.lang3.time.DateUtilsTest" name="testSetMinutes" time="0.002"/>
  <testcase classname="org.apache.commons.lang3.time.DateUtilsTest" name="testToCalendar" time="0"/>
  <testcase classname="org.apache.commons.lang3.time.DateUtilsTest" name="testAddHours" time="0"/>
  <testcase classname="org.apache.commons.lang3.time.DateUtilsTest" name="testAddWeeks" time="0"/>
  <testcase classname="org.apache.commons.lang3.time.DateUtilsTest" name="testAddYears" time="0"/>
  <testcase classname="org.apache.commons.lang3.time.DateUtilsTest" name="testTruncateLang59" time="0.003"/>
  <testcase classname="org.apache.commons.lang3.time.DateUtilsTest" name="testIsSameInstant_Date" time="0"/>
  <testcase classname="org.apache.commons.lang3.time.DateUtilsTest" name="testLang530" time="0"/>
  <testcase classname="org.apache.commons.lang3.time.DateUtilsTest" name="testSetSeconds" time="0"/>
  <testcase classname="org.apache.commons.lang3.time.DateUtilsTest" name="testIsSameInstant_Cal" time="0"/>
  <testcase classname="org.apache.commons.lang3.time.DateUtilsTest" name="testAddMonths" time="0.002"/>
  <testcase classname="org.apache.commons.lang3.time.DateUtilsTest" name="testWeekIterator" time="0"/>
  <testcase classname="org.apache.commons.lang3.time.DateUtilsTest" name="testSetMonths" time="0"/>
  <testcase classname="org.apache.commons.lang3.time.DateUtilsTest" name="testSetDays" time="0"/>
  <testcase classname="org.apache.commons.lang3.time.DateUtilsTest" name="testIsSameDay_Date" time="0"/>
  <testcase classname="org.apache.commons.lang3.time.DateUtilsTest" name="testIsSameDay_Cal" time="0.001"/>
  <testcase classname="org.apache.commons.lang3.time.DateUtilsTest" name="testIteratorEx" time="0"/>
  <testcase classname="org.apache.commons.lang3.time.DateUtilsTest" name="testAddMilliseconds" time="0"/>
  <testcase classname="org.apache.commons.lang3.time.DateUtilsTest" name="testConstructor" time="0"/>
  <testcase classname="org.apache.commons.lang3.time.DateUtilsTest" name="testSetHours" time="0"/>
  <testcase classname="org.apache.commons.lang3.time.DateUtilsTest" name="testSetYears" time="0"/>
  <testcase classname="org.apache.commons.lang3.time.DateUtilsTest" name="testLANG799_DE_FAIL" time="0"/>
</testsuite>