<?xml version="1.0" encoding="UTF-8" ?>
<testsuite tests="33" failures="0" name="org.apache.commons.lang3.TargetedCoverageTest" time="0.019" errors="0" skipped="0">
  <properties>
[...]
</properties>
  <testcase classname="org.apache.commons.lang3.TargetedCoverageTest" name="testToStringStyleWithObjects" time="0"/>
  <testcase classname="org.apache.commons.lang3.TargetedCoverageTest" name="testExtendedMessageFormatMultipleArgs" time="0"/>
  <testcase classname="org.apache.commons.lang3.TargetedCoverageTest" name="testTypeUtilsIsAssignableWithParameterizedTypes" time="0.009"/>
  <testcase classname="org.apache.commons.lang3.TargetedCoverageTest" name="testTypeUtilsIsAssignableWithGenericArrayType" time="0"/>
  <testcase classname="org.apache.commons.lang3.TargetedCoverageTest" name="testCompareToBuilderReflection" time="0"/>
  <testcase classname="org.apache.commons.lang3.TargetedCoverageTest" name="testToStringBuilderVariousMethods" time="0"/>
  <testcase classname="org.apache.commons.lang3.TargetedCoverageTest" name="testEqualsBuilderReflectionEquals" time="0"/>
  <testcase classname="org.apache.commons.lang3.TargetedCoverageTest" name="testStringUtilsReplace" time="0"/>
  <testcase classname="org.apache.commons.lang3.TargetedCoverageTest" name="testStandardToStringStyleBasic" time="0"/>
  <testcase classname="org.apache.commons.lang3.TargetedCoverageTest" name="testStringUtilsEdgeCases" time="0"/>
  <testcase classname="org.apache.commons.lang3.TargetedCoverageTest" name="testExtendedMessageFormatBasicUsage" time="0"/>
  <testcase classname="org.apache.commons.lang3.TargetedCoverageTest" name="testToStringStyleShortPrefix" time="0"/>
  <testcase classname="org.apache.commons.lang3.TargetedCoverageTest" name="testAnnotationUtilsIsValidAnnotationMemberType" time="0"/>
  <testcase classname="org.apache.commons.lang3.TargetedCoverageTest" name="testStrTokenizerWithQuotes" time="0.007"/>
  <testcase classname="org.apache.commons.lang3.TargetedCoverageTest" name="testToStringStyleSimple" time="0"/>
  <testcase classname="org.apache.commons.lang3.TargetedCoverageTest" name="testStringUtilsLastIndexOfCases" time="0"/>
  <testcase classname="org.apache.commons.lang3.TargetedCoverageTest" name="testConversionIntToByteArray" time="0"/>
  <testcase classname="org.apache.commons.lang3.TargetedCoverageTest" name="testJavaVersionToString" time="0"/>
  <testcase classname="org.apache.commons.lang3.TargetedCoverageTest" name="testStrTokenizerBasicUsage" time="0"/>
  <testcase classname="org.apache.commons.lang3.TargetedCoverageTest" name="testExceptionUtilsRootCause" time="0"/>
  <testcase classname="org.apache.commons.lang3.TargetedCoverageTest" name="testEqualsBuilderAppendArrays" time="0"/>
  <testcase classname="org.apache.commons.lang3.TargetedCoverageTest" name="testClassUtilsGetPackageName" time="0"/>
  <testcase classname="org.apache.commons.lang3.TargetedCoverageTest" name="testJavaVersionAtLeast" time="0"/>
  <testcase classname="org.apache.commons.lang3.TargetedCoverageTest" name="testStandardToStringStyleWithNulls" time="0"/>
  <testcase classname="org.apache.commons.lang3.TargetedCoverageTest" name="testEqualsBuilderWithCollections" time="0"/>
  <testcase classname="org.apache.commons.lang3.TargetedCoverageTest" name="testConversionLongToIntArray" time="0"/>
  <testcase classname="org.apache.commons.lang3.TargetedCoverageTest" name="testClassUtilsGetShortClassName" time="0"/>
  <testcase classname="org.apache.commons.lang3.TargetedCoverageTest" name="testExceptionUtilsStackTrace" time="0"/>
  <testcase classname="org.apache.commons.lang3.TargetedCoverageTest" name="testTypeUtilsIsAssignableWithWildcardTypes" time="0.003"/>
  <testcase classname="org.apache.commons.lang3.TargetedCoverageTest" name="testTypeUtilsIsAssignableWithTypeVariable" time="0"/>
  <testcase classname="org.apache.commons.lang3.TargetedCoverageTest" name="testCompareToBuilderWithArrays" time="0"/>
  <testcase classname="org.apache.commons.lang3.TargetedCoverageTest" name="testToStringBuilderWithArrays" time="0"/>
  <testcase classname="org.apache.commons.lang3.TargetedCoverageTest" name="testStringUtilsIndexOfCases" time="0"/>
</testsuite>