<?xml version="1.0" encoding="UTF-8" ?>
<testsuite tests="15" failures="0" name="org.apache.commons.lang3.time.DurationFormatUtilsTest" time="0.236" errors="0" skipped="0">
  <properties>
[...]
</properties>
  <testcase classname="org.apache.commons.lang3.time.DurationFormatUtilsTest" name="testDurationsByBruteForce" time="0.066"/>
  <testcase classname="org.apache.commons.lang3.time.DurationFormatUtilsTest" name="testFormatPeriod" time="0"/>
  <testcase classname="org.apache.commons.lang3.time.DurationFormatUtilsTest" name="testLANG815" time="0"/>
  <testcase classname="org.apache.commons.lang3.time.DurationFormatUtilsTest" name="testLowDurations" time="0.17"/>
  <testcase classname="org.apache.commons.lang3.time.DurationFormatUtilsTest" name="testLexx" time="0"/>
  <testcase classname="org.apache.commons.lang3.time.DurationFormatUtilsTest" name="testFormatDurationHMS" time="0"/>
  <testcase classname="org.apache.commons.lang3.time.DurationFormatUtilsTest" name="testFormatDurationISO" time="0"/>
  <testcase classname="org.apache.commons.lang3.time.DurationFormatUtilsTest" name="testFormatPeriodISO" time="0"/>
  <testcase classname="org.apache.commons.lang3.time.DurationFormatUtilsTest" name="testEdgeDurations" time="0"/>
  <testcase classname="org.apache.commons.lang3.time.DurationFormatUtilsTest" name="testFormatDurationPluralWords" time="0"/>
  <testcase classname="org.apache.commons.lang3.time.DurationFormatUtilsTest" name="testBugzilla38401" time="0"/>
  <testcase classname="org.apache.commons.lang3.time.DurationFormatUtilsTest" name="testFormatDuration" time="0"/>
  <testcase classname="org.apache.commons.lang3.time.DurationFormatUtilsTest" name="testFormatDurationWords" time="0"/>
  <testcase classname="org.apache.commons.lang3.time.DurationFormatUtilsTest" name="testJiraLang281" time="0"/>
  <testcase classname="org.apache.commons.lang3.time.DurationFormatUtilsTest" name="testConstructor" time="0"/>
</testsuite>