<?xml version="1.0" encoding="UTF-8" ?>
<testsuite tests="3" failures="0" name="org.apache.commons.lang3.text.translate.UnicodeUnescaperTest" time="0" errors="0" skipped="0">
  <properties>
[...]
</properties>
  <testcase classname="org.apache.commons.lang3.text.translate.UnicodeUnescaperTest" name="testUPlus" time="0"/>
  <testcase classname="org.apache.commons.lang3.text.translate.UnicodeUnescaperTest" name="testUuuuu" time="0"/>
  <testcase classname="org.apache.commons.lang3.text.translate.UnicodeUnescaperTest" name="testLessThanFour" time="0"/>
</testsuite>